

Version:	3.50
CmdLine:	C:\Users\Huauaua\Documents\IdeaProjs\OSdemo\OSdemoPak\app.exe --l4j-debug
JNI:		No
WOW64:		Yes
Working dir:	C:\Users\Huauaua\Documents\IdeaProjs\OSdemo\OSdemoPak\.
Requires JDK:	No
Requires 64-Bit: No
Java min ver:	
Java max ver:	
JRE paths:	.\jre
Check launcher:	C:\Users\Huauaua\Documents\IdeaProjs\OSdemo\OSdemoPak\.\jre\bin\javaw.exe (not found)
Error msg:	This application requires a Java Runtime Environment.


Version:	3.50
CmdLine:	C:\Users\Huauaua\Documents\IdeaProjs\OSdemo\OSdemoPak\app.exe --l4j-debug
JNI:		No
WOW64:		Yes
Working dir:	C:\Users\Huauaua\Documents\IdeaProjs\OSdemo\OSdemoPak\.
Requires JDK:	No
Requires 64-Bit: No
Java min ver:	
Java max ver:	
JRE paths:	.\jdk
Check launcher:	C:\Users\Huauaua\Documents\IdeaProjs\OSdemo\OSdemoPak\.\jdk\bin\javaw.exe (not found)
Error msg:	This application requires a Java Runtime Environment.


Version:	3.50
CmdLine:	C:\Users\Huauaua\Documents\IdeaProjs\OSdemo\OSdemoPak\app.exe --l4j-debug
JNI:		No
WOW64:		Yes
Working dir:	C:\Users\Huauaua\Documents\IdeaProjs\OSdemo\OSdemoPak\.
Requires JDK:	No
Requires 64-Bit: No
Java min ver:	
Java max ver:	
JRE paths:	.\jre
Check launcher:	C:\Users\Huauaua\Documents\IdeaProjs\OSdemo\OSdemoPak\.\jre\bin\javaw.exe (not found)
Error msg:	This application requires a Java Runtime Environment.
